#
# There is insufficient memory for the Java Runtime Environment to continue.
# Native memory allocation (mmap) failed to map 33554432 bytes for G1 virtual space
# Possible reasons:
#   The system is out of physical RAM or swap space
#   The process is running with CompressedOops enabled, and the Java Heap may be blocking the growth of the native heap
# Possible solutions:
#   Reduce memory load on the system
#   Increase physical memory or swap space
#   Check if swap backing store is full
#   Decrease Java heap size (-Xmx/-Xms)
#   Decrease number of Java threads
#   Decrease Java thread stack sizes (-Xss)
#   Set larger code cache with -XX:ReservedCodeCacheSize=
#   JVM is running with Unscaled Compressed Oops mode in which the Java heap is
#     placed in the first 4GB address space. The Java Heap base address is the
#     maximum limit for the native heap growth. Please use -XX:HeapBaseMinAddress
#     to set the Java Heap base and to place the Java Heap above 4GB virtual address.
# This output file may be truncated or incomplete.
#
#  Out of Memory Error (./open/src/hotspot/os/windows/os_windows.cpp:3472), pid=1164, tid=3148
#
# JRE version: Java(TM) SE Runtime Environment (15.0+36) (build 15+36-1562)
# Java VM: Java HotSpot(TM) 64-Bit Server VM (15+36-1562, mixed mode, sharing, tiered, compressed oops, g1 gc, windows-amd64)
# No core dump will be written. Minidumps are not enabled by default on client versions of Windows
#

---------------  S U M M A R Y ------------

Command Line: -Dapplication.home=C:\Program Files\Java\jdk-15 --add-modules=ALL-DEFAULT -Xms8m -Djdk.module.main=jdk.compiler -Xmx1024M jdk.compiler/com.sun.tools.javac.Main -d C:\Users\pedro\Desktop\EI\Escola\2 ano\2 semestre\Projeto II\1Projeto2\build\classes -classpath C:\Users\pedro\Desktop\EI\Escola\2 ano\2 semestre\Projeto II\1Projeto2\build\classes;C:\Program Files\NetBeans-12.1\netbeans\java\modules\ext\eclipselink\org.eclipse.persistence.core-2.7.7.jar;C:\Program Files\NetBeans-12.1\netbeans\java\modules\ext\eclipselink\org.eclipse.persistence.asm-2.7.7.jar;C:\Program Files\NetBeans-12.1\netbeans\java\modules\ext\eclipselink\org.eclipse.persistence.antlr-2.7.7.jar;C:\Program Files\NetBeans-12.1\netbeans\java\modules\ext\eclipselink\org.eclipse.persistence.jpa-2.7.7.jar;C:\Program Files\NetBeans-12.1\netbeans\java\modules\ext\eclipselink\org.eclipse.persistence.jpa.jpql-2.7.7.jar;C:\Program Files\NetBeans-12.1\netbeans\java\modules\ext\eclipselink\org.eclipse.persistence.moxy-2.7.7.jar;C:\Program Files\NetBeans-12.1\netbeans\java\modules\ext\eclipselink\javax.persistence-2.2.1.jar -sourcepath C:\Users\pedro\Desktop\EI\Escola\2 ano\2 semestre\Projeto II\1Projeto2\build\empty -target 1.8 -encoding UTF-8 -g -processorpath C:\Program Files\NetBeans-12.1\netbeans\java\modules\ext\eclipselink\org.eclipse.persistence.core-2.7.7.jar;C:\Program Files\NetBeans-12.1\netbeans\java\modules\ext\eclipselink\org.eclipse.persistence.asm-2.7.7.jar;C:\Program Files\NetBeans-12.1\netbeans\java\modules\ext\eclipselink\org.eclipse.persistence.antlr-2.7.7.jar;C:\Program Files\NetBeans-12.1\netbeans\java\modules\ext\eclipselink\org.eclipse.persistence.jpa-2.7.7.jar;C:\Program Files\NetBeans-12.1\netbeans\java\modules\ext\eclipselink\org.eclipse.persistence.jpa.jpql-2.7.7.jar;C:\Program Files\NetBeans-12.1\netbeans\java\modules\ext\eclipselink\org.eclipse.persistence.moxy-2.7.7.jar;C:\Program Files\NetBeans-12.1\netbeans\java\modules\ext\eclipselink\javax.persistence-2.2.1.jar;C:\OraClients\instantclient-basic-windows.x64-19.3.0.0.0dbru\instantclient_19_3\ojdbc8.jar;C:\Program Files\NetBeans-12.1\netbeans\java\modules\ext\eclipselink\org.eclipse.persistence.jpa.modelgen.processor-2.7.7.jar;C:\Users\pedro\Desktop\EI\Escola\2 ano\2 semestre\Projeto II\1Projeto2\build\empty -Aeclipselink.canonicalmodel.use_static_factory=false -s C:\Users\pedro\Desktop\EI\Escola\2 ano\2 semestre\Projeto II\1Projeto2\build\generated-sources\ap-source-output -source 1.8 @C:\Users\pedro\AppData\Local\Temp\files4016461226758430303

Host: Intel(R) Core(TM) i5-8250U CPU @ 1.60GHz, 8 cores, 7G,  Windows 10 , 64 bit Build 19041 (10.0.19041.1023)
Time: Mon Jul 26 02:00:32 2021 Hora de Verão de GMT elapsed time: 3.355186 seconds (0d 0h 0m 3s)

---------------  T H R E A D  ---------------

Current thread (0x000001a9bd145c90):  VMThread "VM Thread" [stack: 0x0000000dfd100000,0x0000000dfd200000] [id=3148]

Stack: [0x0000000dfd100000,0x0000000dfd200000]
[error occurred during error reporting (printing stack bounds), id 0xc0000005, EXCEPTION_ACCESS_VIOLATION (0xc0000005) at pc=0x000001a9c6aa10ad]

Native frames: (J=compiled Java code, j=interpreted, Vv=VM code, C=native code)
V  [jvm.dll+0x629eaa]
V  [jvm.dll+0x780379]
V  [jvm.dll+0x781ad3]
V  [jvm.dll+0x782095]
V  [jvm.dll+0x78204b]
V  [jvm.dll+0x629379]
V  [jvm.dll+0x629b48]
C  [ntdll.dll+0xa217f]
C  [ntdll.dll+0x51454]
C  [ntdll.dll+0xa0cae]
C  0x000001a9c6aa10ad

VM_Operation (0x0000000dfcbfd5e0): G1CollectForAllocation, mode: safepoint, requested by thread 0x000001a9bd0778a0


---------------  P R O C E S S  ---------------

Threads class SMR info:
_java_thread_list=0x000001a9dc151340, length=13, elements={
0x000001a9bd0778a0, 0x000001a9bd148f90, 0x000001a9bd149a70, 0x000001a9dbd086e0,
0x000001a9dbd090a0, 0x000001a9dbd09a60, 0x000001a9dbd0bf00, 0x000001a9dbd10d40,
0x000001a9dbd14330, 0x000001a9dbcec980, 0x000001a9dbfc1eb0, 0x000001a9dc4ebbb0,
0x000001a9dc7074e0
}

Java Threads: ( => current thread )
  0x000001a9bd0778a0 JavaThread "main" [_thread_blocked, id=13824, stack(0x0000000dfcb00000,0x0000000dfcc00000)]
  0x000001a9bd148f90 JavaThread "Reference Handler" daemon [_thread_blocked, id=5168, stack(0x0000000dfd200000,0x0000000dfd300000)]
  0x000001a9bd149a70 JavaThread "Finalizer" daemon [_thread_blocked, id=12268, stack(0x0000000dfd300000,0x0000000dfd400000)]
  0x000001a9dbd086e0 JavaThread "Signal Dispatcher" daemon [_thread_blocked, id=2392, stack(0x0000000dfd400000,0x0000000dfd500000)]
  0x000001a9dbd090a0 JavaThread "Attach Listener" daemon [_thread_blocked, id=15296, stack(0x0000000dfd500000,0x0000000dfd600000)]
  0x000001a9dbd09a60 JavaThread "Service Thread" daemon [_thread_blocked, id=7436, stack(0x0000000dfd600000,0x0000000dfd700000)]
  0x000001a9dbd0bf00 JavaThread "C2 CompilerThread0" daemon [_thread_blocked, id=12336, stack(0x0000000dfd700000,0x0000000dfd800000)]
  0x000001a9dbd10d40 JavaThread "C1 CompilerThread0" daemon [_thread_blocked, id=12980, stack(0x0000000dfd800000,0x0000000dfd900000)]
  0x000001a9dbd14330 JavaThread "Sweeper thread" daemon [_thread_blocked, id=8404, stack(0x0000000dfd900000,0x0000000dfda00000)]
  0x000001a9dbcec980 JavaThread "Common-Cleaner" daemon [_thread_blocked, id=13364, stack(0x0000000dfda00000,0x0000000dfdb00000)]
  0x000001a9dbfc1eb0 JavaThread "Notification Thread" daemon [_thread_blocked, id=2032, stack(0x0000000dfdc00000,0x0000000dfdd00000)]
  0x000001a9dc4ebbb0 JavaThread "C2 CompilerThread1" daemon [_thread_blocked, id=5980, stack(0x0000000dfdb00000,0x0000000dfdc00000)]
  0x000001a9dc7074e0 JavaThread "C2 CompilerThread2" daemon [_thread_blocked, id=11844, stack(0x0000000dfdf00000,0x0000000dfe000000)]

Other Threads:
=>0x000001a9bd145c90 VMThread "VM Thread" [stack: 0x0000000dfd100000,0x0000000dfd200000] [id=3148]
  0x000001a9dbfc2fb0 WatcherThread [stack: 0x0000000dfdd00000,0x0000000dfde00000] [id=3364]
  0x000001a9bd0a8350 GCTaskThread "GC Thread#0" [stack: 0x0000000dfcc00000,0x0000000dfcd00000] [id=3748]
  0x000001a9dbfcf180 GCTaskThread "GC Thread#1" [stack: 0x0000000dfde00000,0x0000000dfdf00000] [id=2692]
  0x000001a9bd0b2540 ConcurrentGCThread "G1 Main Marker" [stack: 0x0000000dfcd00000,0x0000000dfce00000] [id=15836]
  0x000001a9bd0b3860 ConcurrentGCThread "G1 Conc#0" [stack: 0x0000000dfce00000,0x0000000dfcf00000] [id=11224]
  0x000001a9dbfd04a0 ConcurrentGCThread "G1 Conc#1" [stack: 0x0000000dfe000000,0x0000000dfe100000] [id=11424]
  0x000001a9bd0dcef0 ConcurrentGCThread "G1 Refine#0" [stack: 0x0000000dfcf00000,0x0000000dfd000000] [id=13144]
  0x000001a9bd0dd7c0 ConcurrentGCThread "G1 Young RemSet Sampling" [stack: 0x0000000dfd000000,0x0000000dfd100000] [id=14616]

Threads with active compile tasks:
C2 CompilerThread0     3382 2778       4       com.sun.tools.javac.jvm.PoolReader::resolve (341 bytes)
C1 CompilerThread0     3382 2783       3       com.sun.tools.javac.code.Flags::asModifierSet (325 bytes)
C2 CompilerThread1     3382 2782       4       com.sun.tools.javac.jvm.ClassReader::readAttrs (92 bytes)
C2 CompilerThread2     3383 2721 % !   4       java.util.concurrent.ConcurrentHashMap::transfer @ 96 (849 bytes)

VM state: at safepoint (normal execution)

VM Mutex/Monitor currently owned by a thread:  ([mutex/lock_event])
[0x000001a9bd0740b0] Threads_lock - owner thread: 0x000001a9bd145c90
[0x000001a9bd074260] Heap_lock - owner thread: 0x000001a9bd0778a0

Heap address: 0x00000000c0000000, size: 1024 MB, Compressed Oops mode: 32-bit
CDS archive(s) mapped at: [0x0000000800000000-0x0000000800b50000-0x0000000800b50000), size 11862016, SharedBaseAddress: 0x0000000800000000, ArchiveRelocationMode: 0.
Compressed class space mapped at: 0x0000000800b50000-0x0000000840b50000, size: 1073741824
Narrow klass base: 0x0000000800000000, Narrow klass shift: 3, Narrow klass range: 0x100000000

GC Precious Log:
 CPUs: 8 total, 8 available
 Memory: 8067M
 Large Page Support: Disabled
 NUMA Support: Disabled
 Compressed Oops: Enabled (32-bit)
 Heap Region Size: 1M
 Heap Min Capacity: 8M
 Heap Initial Capacity: 8M
 Heap Max Capacity: 1G
 Pre-touch: Disabled
 Parallel Workers: 8
 Concurrent Workers: 2
 Concurrent Refinement Workers: 8
 Periodic GC: Disabled

Heap:
 garbage-first heap   total 67584K, used 18785K [0x00000000c0000000, 0x0000000100000000)
  region size 1024K, 2 young (2048K), 2 survivors (2048K)
 Metaspace       used 16336K, capacity 16608K, committed 16896K, reserved 1064960K
  class space    used 1645K, capacity 1726K, committed 1792K, reserved 1048576K

Heap Regions: E=young(eden), S=young(survivor), O=old, HS=humongous(starts), HC=humongous(continues), CS=collection set, F=free, OA=open archive, CA=closed archive, TAMS=top-at-mark-start (previous, next)
|   0|0x00000000c0000000, 0x00000000c0100000, 0x00000000c0100000|100%| O|  |TAMS 0x00000000c0100000, 0x00000000c0100000| Untracked 
|   1|0x00000000c0100000, 0x00000000c0200000, 0x00000000c0200000|100%| O|  |TAMS 0x00000000c0200000, 0x00000000c0200000| Untracked 
|   2|0x00000000c0200000, 0x00000000c0300000, 0x00000000c0300000|100%| O|  |TAMS 0x00000000c0300000, 0x00000000c0300000| Untracked 
|   3|0x00000000c0300000, 0x00000000c0400000, 0x00000000c0400000|100%| O|  |TAMS 0x00000000c0400000, 0x00000000c0400000| Untracked 
|   4|0x00000000c0400000, 0x00000000c0500000, 0x00000000c0500000|100%| O|  |TAMS 0x00000000c0500000, 0x00000000c0500000| Untracked 
|   5|0x00000000c0500000, 0x00000000c0600000, 0x00000000c0600000|100%| O|  |TAMS 0x00000000c0600000, 0x00000000c0600000| Untracked 
|   6|0x00000000c0600000, 0x00000000c0700000, 0x00000000c0700000|100%| O|  |TAMS 0x00000000c0700000, 0x00000000c0700000| Untracked 
|   7|0x00000000c0700000, 0x00000000c0800000, 0x00000000c0800000|100%| O|  |TAMS 0x00000000c0800000, 0x00000000c0800000| Untracked 
|   8|0x00000000c0800000, 0x00000000c0900000, 0x00000000c0900000|100%| O|  |TAMS 0x00000000c0900000, 0x00000000c0900000| Untracked 
|   9|0x00000000c0900000, 0x00000000c0a00000, 0x00000000c0a00000|100%| O|  |TAMS 0x00000000c0930e00, 0x00000000c0a00000| Untracked 
|  10|0x00000000c0a00000, 0x00000000c0b00000, 0x00000000c0b00000|100%| O|  |TAMS 0x00000000c0a00000, 0x00000000c0b00000| Untracked 
|  11|0x00000000c0b00000, 0x00000000c0c00000, 0x00000000c0c00000|100%| O|  |TAMS 0x00000000c0b00000, 0x00000000c0c00000| Untracked 
|  12|0x00000000c0c00000, 0x00000000c0d00000, 0x00000000c0d00000|100%| O|  |TAMS 0x00000000c0c00000, 0x00000000c0d00000| Untracked 
|  13|0x00000000c0d00000, 0x00000000c0e00000, 0x00000000c0e00000|100%|HS|  |TAMS 0x00000000c0d00000, 0x00000000c0e00000| Complete 
|  14|0x00000000c0e00000, 0x00000000c0f00000, 0x00000000c0f00000|100%| O|  |TAMS 0x00000000c0e00000, 0x00000000c0f00000| Untracked 
|  15|0x00000000c0f00000, 0x00000000c1000000, 0x00000000c1000000|100%| O|  |TAMS 0x00000000c0f00000, 0x00000000c0ffb000| Untracked 
|  16|0x00000000c1000000, 0x00000000c1058400, 0x00000000c1100000| 34%| O|  |TAMS 0x00000000c1000000, 0x00000000c1000000| Untracked 
|  17|0x00000000c1100000, 0x00000000c1100000, 0x00000000c1200000|  0%| F|  |TAMS 0x00000000c1100000, 0x00000000c1100000| Untracked 
|  18|0x00000000c1200000, 0x00000000c1200000, 0x00000000c1300000|  0%| F|  |TAMS 0x00000000c1200000, 0x00000000c1200000| Untracked 
|  19|0x00000000c1300000, 0x00000000c1300000, 0x00000000c1400000|  0%| F|  |TAMS 0x00000000c1300000, 0x00000000c1300000| Untracked 
|  20|0x00000000c1400000, 0x00000000c1400000, 0x00000000c1500000|  0%| F|  |TAMS 0x00000000c1400000, 0x00000000c1400000| Untracked 
|  21|0x00000000c1500000, 0x00000000c1500000, 0x00000000c1600000|  0%| F|  |TAMS 0x00000000c1500000, 0x00000000c1500000| Untracked 
|  22|0x00000000c1600000, 0x00000000c1600000, 0x00000000c1700000|  0%| F|  |TAMS 0x00000000c1600000, 0x00000000c1600000| Untracked 
|  23|0x00000000c1700000, 0x00000000c1800000, 0x00000000c1800000|100%| S|CS|TAMS 0x00000000c1700000, 0x00000000c1700000| Complete 
|  24|0x00000000c1800000, 0x00000000c1800000, 0x00000000c1900000|  0%| F|  |TAMS 0x00000000c1800000, 0x00000000c1800000| Untracked 
|  25|0x00000000c1900000, 0x00000000c1a00000, 0x00000000c1a00000|100%| S|CS|TAMS 0x00000000c1900000, 0x00000000c1900000| Complete 
|  26|0x00000000c1a00000, 0x00000000c1a00000, 0x00000000c1b00000|  0%| F|  |TAMS 0x00000000c1a00000, 0x00000000c1a00000| Untracked 
|  27|0x00000000c1b00000, 0x00000000c1b00000, 0x00000000c1c00000|  0%| F|  |TAMS 0x00000000c1b00000, 0x00000000c1b00000| Untracked 
|  28|0x00000000c1c00000, 0x00000000c1c00000, 0x00000000c1d00000|  0%| F|  |TAMS 0x00000000c1c00000, 0x00000000c1c00000| Untracked 
|  29|0x00000000c1d00000, 0x00000000c1d00000, 0x00000000c1e00000|  0%| F|  |TAMS 0x00000000c1d00000, 0x00000000c1d00000| Untracked 
|  30|0x00000000c1e00000, 0x00000000c1e00000, 0x00000000c1f00000|  0%| F|  |TAMS 0x00000000c1e00000, 0x00000000c1e00000| Untracked 
|  31|0x00000000c1f00000, 0x00000000c1f00000, 0x00000000c2000000|  0%| F|  |TAMS 0x00000000c1f00000, 0x00000000c1f00000| Untracked 
|  32|0x00000000c2000000, 0x00000000c2000000, 0x00000000c2100000|  0%| F|  |TAMS 0x00000000c2000000, 0x00000000c2000000| Untracked 
|  33|0x00000000c2100000, 0x00000000c2100000, 0x00000000c2200000|  0%| F|  |TAMS 0x00000000c2100000, 0x00000000c2100000| Untracked 

Card table byte_map: [0x000001a9d6700000,0x000001a9d6900000] _byte_map_base: 0x000001a9d6100000

Marking Bits (Prev, Next): (CMBitMap*) 0x000001a9bd0a9ae0, (CMBitMap*) 0x000001a9bd0a9b20
 Prev Bits: [0x000001a9d6b00000, 0x000001a9d7b00000)
 Next Bits: [0x000001a9d7b00000, 0x000001a9d8b00000)

Polling page: 0x000001a9bd150000

Metaspace:

Usage:
  Non-class:     14.53 MB capacity,    14.35 MB ( 99%) used,   175.85 KB (  1%) free+waste,    15.31 KB ( <1%) overhead. 
      Class:      1.69 MB capacity,     1.61 MB ( 95%) used,    75.01 KB (  4%) free+waste,     5.56 KB ( <1%) overhead. 
       Both:     16.22 MB capacity,    15.95 MB ( 98%) used,   250.86 KB (  2%) free+waste,    20.88 KB ( <1%) overhead. 

Virtual space:
  Non-class space:       16.00 MB reserved,      14.75 MB ( 92%) committed 
      Class space:        1.00 GB reserved,       1.75 MB ( <1%) committed 
             Both:        1.02 GB reserved,      16.50 MB (  2%) committed 

Chunk freelists:
   Non-Class:  30.00 KB
       Class:  2.00 KB
        Both:  32.00 KB

MaxMetaspaceSize: 17179869184.00 GB
CompressedClassSpaceSize: 1.00 GB

CodeHeap 'non-profiled nmethods': size=120000Kb used=1171Kb max_used=1171Kb free=118828Kb
 bounds [0x000001a9ce570000, 0x000001a9ce7e0000, 0x000001a9d5aa0000]
CodeHeap 'profiled nmethods': size=120000Kb used=5702Kb max_used=5702Kb free=114297Kb
 bounds [0x000001a9c7040000, 0x000001a9c75e0000, 0x000001a9ce570000]
CodeHeap 'non-nmethods': size=5760Kb used=1205Kb max_used=1292Kb free=4554Kb
 bounds [0x000001a9c6aa0000, 0x000001a9c6d10000, 0x000001a9c7040000]
 total_blobs=3235 nmethods=2770 adapters=376
 compilation: enabled
              stopped_count=0, restarted_count=0
 full_count=0

Compilation events (20 events):
Event: 3.334 Thread 0x000001a9dbd10d40 nmethod 2780 0x000001a9c75cc090 code [0x000001a9c75cc220, 0x000001a9c75cc398]
Event: 3.335 Thread 0x000001a9dbd10d40 2784       3       org.eclipse.persistence.internal.jpa.modelgen.visitors.ElementVisitor::getModifiers (200 bytes)
Event: 3.337 Thread 0x000001a9dbd10d40 nmethod 2784 0x000001a9c75cc410 code [0x000001a9c75cc6a0, 0x000001a9c75cd6c8]
Event: 3.337 Thread 0x000001a9dbd10d40 2785       3       org.eclipse.persistence.internal.jpa.modelgen.visitors.ElementVisitor::buildMetadataAnnotations (88 bytes)
Event: 3.339 Thread 0x000001a9dbd10d40 nmethod 2785 0x000001a9c75cda90 code [0x000001a9c75cdd40, 0x000001a9c75cedb8]
Event: 3.339 Thread 0x000001a9dbd10d40 2789       3       org.eclipse.persistence.internal.jpa.modelgen.MetadataMirrorFactory::getMetadataClass (37 bytes)
Event: 3.339 Thread 0x000001a9dbd10d40 nmethod 2789 0x000001a9c75cf310 code [0x000001a9c75cf500, 0x000001a9c75cf898]
Event: 3.339 Thread 0x000001a9dbd10d40 2790       3       com.sun.tools.javac.processing.JavacProcessingEnvironment::getTypeUtils (5 bytes)
Event: 3.340 Thread 0x000001a9dbd10d40 nmethod 2790 0x000001a9c75cfa90 code [0x000001a9c75cfc20, 0x000001a9c75cfd38]
Event: 3.340 Thread 0x000001a9dbd10d40 2791       3       com.sun.tools.javac.model.JavacTypes::asElement (61 bytes)
Event: 3.340 Thread 0x000001a9dc4ebbb0 nmethod 2781 0x000001a9ce694990 code [0x000001a9ce694b20, 0x000001a9ce694d58]
Event: 3.340 Thread 0x000001a9dc4ebbb0 2782       4       com.sun.tools.javac.jvm.ClassReader::readAttrs (92 bytes)
Event: 3.341 Thread 0x000001a9dbd10d40 nmethod 2791 0x000001a9c75cfe10 code [0x000001a9c75d0060, 0x000001a9c75d09d8]
Event: 3.341 Thread 0x000001a9dbd10d40 2786       3       org.eclipse.persistence.internal.jpa.modelgen.visitors.AnnotationValueVisitor::<init> (5 bytes)
Event: 3.341 Thread 0x000001a9dbd10d40 nmethod 2786 0x000001a9c75d0c90 code [0x000001a9c75d0e40, 0x000001a9c75d0ff8]
Event: 3.341 Thread 0x000001a9dbd10d40 2787       3       javax.lang.model.util.AbstractAnnotationValueVisitor6::<init> (5 bytes)
Event: 3.341 Thread 0x000001a9dbd10d40 nmethod 2787 0x000001a9c75d1110 code [0x000001a9c75d12a0, 0x000001a9c75d13f8]
Event: 3.341 Thread 0x000001a9dbd10d40 2788       3       javax.lang.model.element.ElementKind::isInterface (20 bytes)
Event: 3.341 Thread 0x000001a9dbd10d40 nmethod 2788 0x000001a9c75d1490 code [0x000001a9c75d1620, 0x000001a9c75d17d8]
Event: 3.341 Thread 0x000001a9dbd10d40 2783       3       com.sun.tools.javac.code.Flags::asModifierSet (325 bytes)

GC Heap History (20 events):
Event: 1.273 GC heap after
{Heap after GC invocations=11 (full 0):
 garbage-first heap   total 13312K, used 5990K [0x00000000c0000000, 0x0000000100000000)
  region size 1024K, 1 young (1024K), 1 survivors (1024K)
 Metaspace       used 8716K, capacity 11534K, committed 11776K, reserved 1060864K
  class space    used 955K, capacity 1226K, committed 1280K, reserved 1048576K
}
Event: 1.309 GC heap before
{Heap before GC invocations=11 (full 0):
 garbage-first heap   total 13312K, used 7014K [0x00000000c0000000, 0x0000000100000000)
  region size 1024K, 2 young (2048K), 1 survivors (1024K)
 Metaspace       used 8723K, capacity 11534K, committed 11776K, reserved 1060864K
  class space    used 955K, capacity 1226K, committed 1280K, reserved 1048576K
}
Event: 1.314 GC heap after
{Heap after GC invocations=12 (full 0):
 garbage-first heap   total 13312K, used 6487K [0x00000000c0000000, 0x0000000100000000)
  region size 1024K, 1 young (1024K), 1 survivors (1024K)
 Metaspace       used 8723K, capacity 11534K, committed 11776K, reserved 1060864K
  class space    used 955K, capacity 1226K, committed 1280K, reserved 1048576K
}
Event: 1.499 GC heap before
{Heap before GC invocations=13 (full 0):
 garbage-first heap   total 14336K, used 7511K [0x00000000c0000000, 0x0000000100000000)
  region size 1024K, 2 young (2048K), 1 survivors (1024K)
 Metaspace       used 8796K, capacity 11537K, committed 11776K, reserved 1060864K
  class space    used 965K, capacity 1227K, committed 1280K, reserved 1048576K
}
Event: 1.504 GC heap after
{Heap after GC invocations=14 (full 0):
 garbage-first heap   total 22528K, used 6682K [0x00000000c0000000, 0x0000000100000000)
  region size 1024K, 1 young (1024K), 1 survivors (1024K)
 Metaspace       used 8796K, capacity 11537K, committed 11776K, reserved 1060864K
  class space    used 965K, capacity 1227K, committed 1280K, reserved 1048576K
}
Event: 1.660 GC heap before
{Heap before GC invocations=14 (full 0):
 garbage-first heap   total 22528K, used 11802K [0x00000000c0000000, 0x0000000100000000)
  region size 1024K, 7 young (7168K), 1 survivors (1024K)
 Metaspace       used 9371K, capacity 11831K, committed 12032K, reserved 1060864K
  class space    used 1032K, capacity 1261K, committed 1280K, reserved 1048576K
}
Event: 1.668 GC heap after
{Heap after GC invocations=15 (full 0):
 garbage-first heap   total 22528K, used 8409K [0x00000000c0000000, 0x0000000100000000)
  region size 1024K, 1 young (1024K), 1 survivors (1024K)
 Metaspace       used 9371K, capacity 11831K, committed 12032K, reserved 1060864K
  class space    used 1032K, capacity 1261K, committed 1280K, reserved 1048576K
}
Event: 1.847 GC heap before
{Heap before GC invocations=15 (full 0):
 garbage-first heap   total 22528K, used 13529K [0x00000000c0000000, 0x0000000100000000)
  region size 1024K, 6 young (6144K), 1 survivors (1024K)
 Metaspace       used 9622K, capacity 11866K, committed 12160K, reserved 1060864K
  class space    used 1052K, capacity 1294K, committed 1408K, reserved 1048576K
}
Event: 1.852 GC heap after
{Heap after GC invocations=16 (full 0):
 garbage-first heap   total 22528K, used 9432K [0x00000000c0000000, 0x0000000100000000)
  region size 1024K, 1 young (1024K), 1 survivors (1024K)
 Metaspace       used 9622K, capacity 11866K, committed 12160K, reserved 1060864K
  class space    used 1052K, capacity 1294K, committed 1408K, reserved 1048576K
}
Event: 1.936 GC heap before
{Heap before GC invocations=16 (full 0):
 garbage-first heap   total 22528K, used 14552K [0x00000000c0000000, 0x0000000100000000)
  region size 1024K, 6 young (6144K), 1 survivors (1024K)
 Metaspace       used 9772K, capacity 11930K, committed 12160K, reserved 1060864K
  class space    used 1065K, capacity 1294K, committed 1408K, reserved 1048576K
}
Event: 1.942 GC heap after
{Heap after GC invocations=17 (full 0):
 garbage-first heap   total 22528K, used 10177K [0x00000000c0000000, 0x0000000100000000)
  region size 1024K, 1 young (1024K), 1 survivors (1024K)
 Metaspace       used 9772K, capacity 11930K, committed 12160K, reserved 1060864K
  class space    used 1065K, capacity 1294K, committed 1408K, reserved 1048576K
}
Event: 2.025 GC heap before
{Heap before GC invocations=17 (full 0):
 garbage-first heap   total 22528K, used 14273K [0x00000000c0000000, 0x0000000100000000)
  region size 1024K, 5 young (5120K), 1 survivors (1024K)
 Metaspace       used 9964K, capacity 12067K, committed 12416K, reserved 1060864K
  class space    used 1083K, capacity 1297K, committed 1408K, reserved 1048576K
}
Event: 2.031 GC heap after
{Heap after GC invocations=18 (full 0):
 garbage-first heap   total 34816K, used 10976K [0x00000000c0000000, 0x0000000100000000)
  region size 1024K, 1 young (1024K), 1 survivors (1024K)
 Metaspace       used 9964K, capacity 12067K, committed 12416K, reserved 1060864K
  class space    used 1083K, capacity 1297K, committed 1408K, reserved 1048576K
}
Event: 2.304 GC heap before
{Heap before GC invocations=19 (full 0):
 garbage-first heap   total 34816K, used 23264K [0x00000000c0000000, 0x0000000100000000)
  region size 1024K, 14 young (14336K), 1 survivors (1024K)
 Metaspace       used 10363K, capacity 12497K, committed 12672K, reserved 1060864K
  class space    used 1106K, capacity 1333K, committed 1408K, reserved 1048576K
}
Event: 2.315 GC heap after
{Heap after GC invocations=20 (full 0):
 garbage-first heap   total 34816K, used 13037K [0x00000000c0000000, 0x0000000100000000)
  region size 1024K, 2 young (2048K), 2 survivors (2048K)
 Metaspace       used 10363K, capacity 12497K, committed 12672K, reserved 1060864K
  class space    used 1106K, capacity 1333K, committed 1408K, reserved 1048576K
}
Event: 2.620 GC heap before
{Heap before GC invocations=20 (full 0):
 garbage-first heap   total 34816K, used 22253K [0x00000000c0000000, 0x0000000100000000)
  region size 1024K, 12 young (12288K), 2 survivors (2048K)
 Metaspace       used 10650K, capacity 12753K, committed 12928K, reserved 1060864K
  class space    used 1122K, capacity 1333K, committed 1408K, reserved 1048576K
}
Event: 2.637 GC heap after
{Heap after GC invocations=21 (full 0):
 garbage-first heap   total 34816K, used 15360K [0x00000000c0000000, 0x0000000100000000)
  region size 1024K, 2 young (2048K), 2 survivors (2048K)
 Metaspace       used 10650K, capacity 12753K, committed 12928K, reserved 1060864K
  class space    used 1122K, capacity 1333K, committed 1408K, reserved 1048576K
}
Event: 2.978 GC heap before
{Heap before GC invocations=21 (full 0):
 garbage-first heap   total 34816K, used 24576K [0x00000000c0000000, 0x0000000100000000)
  region size 1024K, 11 young (11264K), 2 survivors (2048K)
 Metaspace       used 13028K, capacity 14769K, committed 14848K, reserved 1062912K
  class space    used 1333K, capacity 1493K, committed 1536K, reserved 1048576K
}
Event: 2.990 GC heap after
{Heap after GC invocations=22 (full 0):
 garbage-first heap   total 34816K, used 17168K [0x00000000c0000000, 0x0000000100000000)
  region size 1024K, 1 young (1024K), 1 survivors (1024K)
 Metaspace       used 13028K, capacity 14769K, committed 14848K, reserved 1062912K
  class space    used 1333K, capacity 1493K, committed 1536K, reserved 1048576K
}
Event: 3.342 GC heap before
{Heap before GC invocations=22 (full 0):
 garbage-first heap   total 34816K, used 25360K [0x00000000c0000000, 0x0000000100000000)
  region size 1024K, 9 young (9216K), 1 survivors (1024K)
 Metaspace       used 16336K, capacity 16608K, committed 16896K, reserved 1064960K
  class space    used 1645K, capacity 1726K, committed 1792K, reserved 1048576K
}

Deoptimization events (20 events):
Event: 3.241 Thread 0x000001a9bd0778a0 Uncommon trap: trap_request=0xffffffde fr.pc=0x000001a9ce583040 relative=0x00000000000001a0
Event: 3.241 Thread 0x000001a9bd0778a0 Uncommon trap: reason=class_check action=maybe_recompile pc=0x000001a9ce583040 method=java.lang.String.equals(Ljava/lang/Object;)Z @ 8 c2
Event: 3.241 Thread 0x000001a9bd0778a0 DEOPT PACKING pc=0x000001a9ce583040 sp=0x0000000dfcbfedd0
Event: 3.241 Thread 0x000001a9bd0778a0 DEOPT UNPACKING pc=0x000001a9c6aee42f sp=0x0000000dfcbfed78 mode 2
Event: 3.241 Thread 0x000001a9bd0778a0 Uncommon trap: trap_request=0xffffffde fr.pc=0x000001a9ce583040 relative=0x00000000000001a0
Event: 3.241 Thread 0x000001a9bd0778a0 Uncommon trap: reason=class_check action=maybe_recompile pc=0x000001a9ce583040 method=java.lang.String.equals(Ljava/lang/Object;)Z @ 8 c2
Event: 3.241 Thread 0x000001a9bd0778a0 DEOPT PACKING pc=0x000001a9ce583040 sp=0x0000000dfcbfedd0
Event: 3.241 Thread 0x000001a9bd0778a0 DEOPT UNPACKING pc=0x000001a9c6aee42f sp=0x0000000dfcbfed78 mode 2
Event: 3.241 Thread 0x000001a9bd0778a0 Uncommon trap: trap_request=0xffffffde fr.pc=0x000001a9ce583040 relative=0x00000000000001a0
Event: 3.241 Thread 0x000001a9bd0778a0 Uncommon trap: reason=class_check action=maybe_recompile pc=0x000001a9ce583040 method=java.lang.String.equals(Ljava/lang/Object;)Z @ 8 c2
Event: 3.241 Thread 0x000001a9bd0778a0 DEOPT PACKING pc=0x000001a9ce583040 sp=0x0000000dfcbfedd0
Event: 3.241 Thread 0x000001a9bd0778a0 DEOPT UNPACKING pc=0x000001a9c6aee42f sp=0x0000000dfcbfed78 mode 2
Event: 3.241 Thread 0x000001a9bd0778a0 Uncommon trap: trap_request=0xffffffde fr.pc=0x000001a9ce583040 relative=0x00000000000001a0
Event: 3.241 Thread 0x000001a9bd0778a0 Uncommon trap: reason=class_check action=maybe_recompile pc=0x000001a9ce583040 method=java.lang.String.equals(Ljava/lang/Object;)Z @ 8 c2
Event: 3.241 Thread 0x000001a9bd0778a0 DEOPT PACKING pc=0x000001a9ce583040 sp=0x0000000dfcbfedd0
Event: 3.241 Thread 0x000001a9bd0778a0 DEOPT UNPACKING pc=0x000001a9c6aee42f sp=0x0000000dfcbfed78 mode 2
Event: 3.245 Thread 0x000001a9bd0778a0 DEOPT PACKING pc=0x000001a9c7560d5f sp=0x0000000dfcbfdbc0
Event: 3.245 Thread 0x000001a9bd0778a0 DEOPT UNPACKING pc=0x000001a9c6aee23f sp=0x0000000dfcbfd010 mode 0
Event: 3.338 Thread 0x000001a9bd0778a0 DEOPT PACKING pc=0x000001a9c7560d5f sp=0x0000000dfcbfdbc0
Event: 3.338 Thread 0x000001a9bd0778a0 DEOPT UNPACKING pc=0x000001a9c6aee23f sp=0x0000000dfcbfd010 mode 0

Classes unloaded (0 events):
No events

Classes redefined (0 events):
No events

Internal exceptions (20 events):
Event: 2.450 Thread 0x000001a9bd0778a0 Exception <a 'sun/nio/fs/WindowsException'{0x00000000c1a21058}> (0x00000000c1a21058) 
thrown [./open/src/hotspot/share/prims/jni.cpp, line 578]
Event: 2.450 Thread 0x000001a9bd0778a0 Exception <a 'sun/nio/fs/WindowsException'{0x00000000c1a21418}> (0x00000000c1a21418) 
thrown [./open/src/hotspot/share/prims/jni.cpp, line 578]
Event: 2.524 Thread 0x000001a9bd0778a0 Exception <a 'sun/nio/fs/WindowsException'{0x00000000c19f99d8}> (0x00000000c19f99d8) 
thrown [./open/src/hotspot/share/prims/jni.cpp, line 578]
Event: 2.525 Thread 0x000001a9bd0778a0 Exception <a 'sun/nio/fs/WindowsException'{0x00000000c19f9d88}> (0x00000000c19f9d88) 
thrown [./open/src/hotspot/share/prims/jni.cpp, line 578]
Event: 2.525 Thread 0x000001a9bd0778a0 Exception <a 'sun/nio/fs/WindowsException'{0x00000000c19faf08}> (0x00000000c19faf08) 
thrown [./open/src/hotspot/share/prims/jni.cpp, line 578]
Event: 2.525 Thread 0x000001a9bd0778a0 Exception <a 'sun/nio/fs/WindowsException'{0x00000000c19fb518}> (0x00000000c19fb518) 
thrown [./open/src/hotspot/share/prims/jni.cpp, line 578]
Event: 2.646 Thread 0x000001a9bd0778a0 Exception <a 'sun/nio/fs/WindowsException'{0x00000000c217faf0}> (0x00000000c217faf0) 
thrown [./open/src/hotspot/share/prims/jni.cpp, line 578]
Event: 2.646 Thread 0x000001a9bd0778a0 Exception <a 'sun/nio/fs/WindowsException'{0x00000000c217fe60}> (0x00000000c217fe60) 
thrown [./open/src/hotspot/share/prims/jni.cpp, line 578]
Event: 2.646 Thread 0x000001a9bd0778a0 Exception <a 'sun/nio/fs/WindowsException'{0x00000000c2180f68}> (0x00000000c2180f68) 
thrown [./open/src/hotspot/share/prims/jni.cpp, line 578]
Event: 2.647 Thread 0x000001a9bd0778a0 Exception <a 'sun/nio/fs/WindowsException'{0x00000000c21812c8}> (0x00000000c21812c8) 
thrown [./open/src/hotspot/share/prims/jni.cpp, line 578]
Event: 2.684 Thread 0x000001a9bd0778a0 Exception <a 'sun/nio/fs/WindowsException'{0x00000000c1f873e0}> (0x00000000c1f873e0) 
thrown [./open/src/hotspot/share/prims/jni.cpp, line 578]
Event: 2.684 Thread 0x000001a9bd0778a0 Exception <a 'sun/nio/fs/WindowsException'{0x00000000c1f87760}> (0x00000000c1f87760) 
thrown [./open/src/hotspot/share/prims/jni.cpp, line 578]
Event: 2.684 Thread 0x000001a9bd0778a0 Exception <a 'sun/nio/fs/WindowsException'{0x00000000c1f88868}> (0x00000000c1f88868) 
thrown [./open/src/hotspot/share/prims/jni.cpp, line 578]
Event: 2.684 Thread 0x000001a9bd0778a0 Exception <a 'sun/nio/fs/WindowsException'{0x00000000c1f88bd8}> (0x00000000c1f88bd8) 
thrown [./open/src/hotspot/share/prims/jni.cpp, line 578]
Event: 3.109 Thread 0x000001a9bd0778a0 Exception <a 'java/lang/NoSuchMethodError'{0x00000000c1e8ee28}: 'void java.lang.invoke.DirectMethodHandle$Holder.invokeStaticInit(java.lang.Object, java.lang.Object)'> (0x00000000c1e8ee28) 
thrown [./open/src/hotspot/share/interpreter/linkResolver.cpp, line 782]
Event: 3.231 Thread 0x000001a9bd0778a0 Implicit null exception at 0x000001a9ce5fe5e0 to 0x000001a9ce5fe676
Event: 3.246 Thread 0x000001a9bd0778a0 Exception <a 'sun/nio/fs/WindowsException'{0x00000000c1c991c0}> (0x00000000c1c991c0) 
thrown [./open/src/hotspot/share/prims/jni.cpp, line 578]
Event: 3.246 Thread 0x000001a9bd0778a0 Exception <a 'sun/nio/fs/WindowsException'{0x00000000c1c99560}> (0x00000000c1c99560) 
thrown [./open/src/hotspot/share/prims/jni.cpp, line 578]
Event: 3.247 Thread 0x000001a9bd0778a0 Exception <a 'sun/nio/fs/WindowsException'{0x00000000c1c9a7f0}> (0x00000000c1c9a7f0) 
thrown [./open/src/hotspot/share/prims/jni.cpp, line 578]
Event: 3.247 Thread 0x000001a9bd0778a0 Exception <a 'sun/nio/fs/WindowsException'{0x00000000c1c9ab80}> (0x00000000c1c9ab80) 
thrown [./open/src/hotspot/share/prims/jni.cpp, line 578]

Events (20 events):
Event: 3.222 loading class java/util/jar/JarVerifier$VerifierStream
Event: 3.222 loading class java/util/jar/JarVerifier$VerifierStream done
Event: 3.222 loading class sun/security/util/ManifestEntryVerifier$SunProviderHolder
Event: 3.222 loading class sun/security/util/ManifestEntryVerifier$SunProviderHolder done
Event: 3.261 Loaded shared library C:\Program Files\Java\jdk-15\bin\zip.dll
Event: 3.263 loading class java/util/concurrent/ConcurrentLinkedQueue
Event: 3.263 loading class java/util/concurrent/ConcurrentLinkedQueue done
Event: 3.263 loading class java/util/concurrent/ConcurrentLinkedQueue$Node
Event: 3.263 loading class java/util/concurrent/ConcurrentLinkedQueue$Node done
Event: 3.310 loading class java/beans/Introspector
Event: 3.310 loading class java/beans/Introspector done
Event: 3.310 loading class java/beans/EventSetDescriptor
Event: 3.311 loading class java/beans/FeatureDescriptor
Event: 3.311 loading class java/beans/FeatureDescriptor done
Event: 3.311 loading class java/beans/EventSetDescriptor done
Event: 3.311 loading class java/beans/Introspector$1
Event: 3.311 loading class jdk/internal/access/JavaBeansAccess
Event: 3.311 loading class jdk/internal/access/JavaBeansAccess done
Event: 3.311 loading class java/beans/Introspector$1 done
Event: 3.341 Executing VM operation: G1CollectForAllocation


Dynamic libraries:
0x00007ff6d1d10000 - 0x00007ff6d1d18000 	C:\Program Files\Java\jdk-15\bin\javac.exe
0x00007ffa9ec10000 - 0x00007ffa9ee05000 	C:\WINDOWS\SYSTEM32\ntdll.dll
0x00007ffa9de70000 - 0x00007ffa9df2d000 	C:\WINDOWS\System32\KERNEL32.DLL
0x00007ffa9c3b0000 - 0x00007ffa9c679000 	C:\WINDOWS\System32\KERNELBASE.dll
0x00007ffa9cb80000 - 0x00007ffa9cc80000 	C:\WINDOWS\System32\ucrtbase.dll
0x00007ffa981b0000 - 0x00007ffa981c8000 	C:\Program Files\Java\jdk-15\bin\jli.dll
0x00007ffa98320000 - 0x00007ffa98339000 	C:\Program Files\Java\jdk-15\bin\VCRUNTIME140.dll
0x00007ffa9d050000 - 0x00007ffa9d0fc000 	C:\WINDOWS\System32\ADVAPI32.dll
0x00007ffa9d960000 - 0x00007ffa9d9fe000 	C:\WINDOWS\System32\msvcrt.dll
0x00007ffa9cc80000 - 0x00007ffa9cd1b000 	C:\WINDOWS\System32\sechost.dll
0x00007ffa9df30000 - 0x00007ffa9e05a000 	C:\WINDOWS\System32\RPCRT4.dll
0x00007ffa9e060000 - 0x00007ffa9e200000 	C:\WINDOWS\System32\USER32.dll
0x00007ffa9cb20000 - 0x00007ffa9cb42000 	C:\WINDOWS\System32\win32u.dll
0x00007ffa9d100000 - 0x00007ffa9d12a000 	C:\WINDOWS\System32\GDI32.dll
0x00007ffa88490000 - 0x00007ffa8872a000 	C:\WINDOWS\WinSxS\amd64_microsoft.windows.common-controls_6595b64144ccf1df_6.0.19041.1110_none_60b5254171f9507e\COMCTL32.dll
0x00007ffa9ca10000 - 0x00007ffa9cb1b000 	C:\WINDOWS\System32\gdi32full.dll
0x00007ffa9c8c0000 - 0x00007ffa9c95d000 	C:\WINDOWS\System32\msvcp_win.dll
0x00007ffa8ba10000 - 0x00007ffa8ba1a000 	C:\WINDOWS\SYSTEM32\VERSION.dll
0x00007ffa9ce00000 - 0x00007ffa9ce30000 	C:\WINDOWS\System32\IMM32.DLL
0x00007ffa986e0000 - 0x00007ffa986ec000 	C:\Program Files\Java\jdk-15\bin\vcruntime140_1.dll
0x00007ffa980f0000 - 0x00007ffa98181000 	C:\Program Files\Java\jdk-15\bin\msvcp140.dll
0x00007ffa605a0000 - 0x00007ffa610fc000 	C:\Program Files\Java\jdk-15\bin\server\jvm.dll
0x00007ffa9e200000 - 0x00007ffa9e208000 	C:\WINDOWS\System32\PSAPI.DLL
0x00007ffa864e0000 - 0x00007ffa86507000 	C:\WINDOWS\SYSTEM32\WINMM.dll
0x00007ffa8a840000 - 0x00007ffa8a849000 	C:\WINDOWS\SYSTEM32\WSOCK32.dll
0x00007ffa9e3c0000 - 0x00007ffa9e42b000 	C:\WINDOWS\System32\WS2_32.dll
0x00007ffa9a140000 - 0x00007ffa9a152000 	C:\WINDOWS\SYSTEM32\kernel.appcore.dll
0x00007ffa98520000 - 0x00007ffa9852a000 	C:\Program Files\Java\jdk-15\bin\jimage.dll
0x00007ffa88a20000 - 0x00007ffa88c04000 	C:\WINDOWS\SYSTEM32\DBGHELP.DLL
0x00007ffa88210000 - 0x00007ffa8823c000 	C:\WINDOWS\SYSTEM32\dbgcore.DLL
0x00007ffa9c830000 - 0x00007ffa9c8b3000 	C:\WINDOWS\System32\bcryptPrimitives.dll
0x00007ffa8bae0000 - 0x00007ffa8bb05000 	C:\Program Files\Java\jdk-15\bin\java.dll
0x00007ffa9d1a0000 - 0x00007ffa9d8df000 	C:\WINDOWS\System32\SHELL32.dll
0x00007ffa9a460000 - 0x00007ffa9abf1000 	C:\WINDOWS\SYSTEM32\windows.storage.dll
0x00007ffa9e5f0000 - 0x00007ffa9e945000 	C:\WINDOWS\System32\combase.dll
0x00007ffa9bdc0000 - 0x00007ffa9bdec000 	C:\WINDOWS\SYSTEM32\Wldp.dll
0x00007ffa9ea00000 - 0x00007ffa9eaae000 	C:\WINDOWS\System32\SHCORE.dll
0x00007ffa9cf20000 - 0x00007ffa9cf75000 	C:\WINDOWS\System32\shlwapi.dll
0x00007ffa9c290000 - 0x00007ffa9c2af000 	C:\WINDOWS\SYSTEM32\profapi.dll
0x00007ffa98300000 - 0x00007ffa98319000 	C:\Program Files\Java\jdk-15\bin\net.dll
0x00007ffa8ea40000 - 0x00007ffa8eb4a000 	C:\WINDOWS\SYSTEM32\WINHTTP.dll
0x00007ffa9bad0000 - 0x00007ffa9bb3a000 	C:\WINDOWS\system32\mswsock.dll
0x00007ffa98190000 - 0x00007ffa981a2000 	C:\Program Files\Java\jdk-15\bin\nio.dll
0x00007ffa984c0000 - 0x00007ffa984d8000 	C:\Program Files\Java\jdk-15\bin\zip.dll

dbghelp: loaded successfully - version: 4.0.5 - missing functions: none
symbol engine: initialized successfully - sym options: 0x614 - pdb path: .;C:\Program Files\Java\jdk-15\bin;C:\WINDOWS\SYSTEM32;C:\WINDOWS\WinSxS\amd64_microsoft.windows.common-controls_6595b64144ccf1df_6.0.19041.1110_none_60b5254171f9507e;C:\Program Files\Java\jdk-15\bin\server

VM Arguments:
jvm_args: -Dapplication.home=C:\Program Files\Java\jdk-15 --add-modules=ALL-DEFAULT -Xms8m -Djdk.module.main=jdk.compiler -Xmx1024M 
java_command: jdk.compiler/com.sun.tools.javac.Main -d C:\Users\pedro\Desktop\EI\Escola\2 ano\2 semestre\Projeto II\1Projeto2\build\classes -classpath C:\Users\pedro\Desktop\EI\Escola\2 ano\2 semestre\Projeto II\1Projeto2\build\classes;C:\Program Files\NetBeans-12.1\netbeans\java\modules\ext\eclipselink\org.eclipse.persistence.core-2.7.7.jar;C:\Program Files\NetBeans-12.1\netbeans\java\modules\ext\eclipselink\org.eclipse.persistence.asm-2.7.7.jar;C:\Program Files\NetBeans-12.1\netbeans\java\modules\ext\eclipselink\org.eclipse.persistence.antlr-2.7.7.jar;C:\Program Files\NetBeans-12.1\netbeans\java\modules\ext\eclipselink\org.eclipse.persistence.jpa-2.7.7.jar;C:\Program Files\NetBeans-12.1\netbeans\java\modules\ext\eclipselink\org.eclipse.persistence.jpa.jpql-2.7.7.jar;C:\Program Files\NetBeans-12.1\netbeans\java\modules\ext\eclipselink\org.eclipse.persistence.moxy-2.7.7.jar;C:\Program Files\NetBeans-12.1\netbeans\java\modules\ext\eclipselink\javax.persistence-2.2.1.jar -sourcepath C:\Users\pedro\Desktop\EI\Escola\2 ano\2 semestre\Projeto II\1Projeto2\build\empty -target 1.8 -encoding UTF-8 -g -processorpath C:\Program Files\NetBeans-12.1\netbeans\java\modules\ext\eclipselink\org.eclipse.persistence.core-2.7.7.jar;C:\Program Files\NetBeans-12.1\netbeans\java\modules\ext\eclipselink\org.eclipse.persistence.asm-2.7.7.jar;C:\Program Files\NetBeans-12.1\netbeans\java\modules\ext\eclipselink\org.eclipse.persistence.antlr-2.7.7.jar;C:\Program Files\NetBeans-12.1\netbeans\java\modules\ext\eclipselink\org.eclipse.persistence.jpa-2.7.7.jar;C:\Program Files\NetBeans-12.1\netbeans\java\modules\ext\eclipselink\org.eclipse.persistence.jpa.jpql-2.7.7.jar;C:\Program Files\NetBeans-12.1\netbeans\java\modules\ext\eclipselink\org.eclipse.persistence.moxy-2.7.7.jar;C:\Program Files\NetBeans-12.1\netbeans\java\modules\ext\eclipselink\javax.persistence-2.2.1.jar;C:\OraClients\instantclient-basic-windows.x64-19.3.0.0.0dbru\instantclient_19_3\ojdbc8.jar;C:\Program Files\NetBeans-12.1\net
java_class_path (initial): <not set>
Launcher Type: SUN_STANDARD

[Global flags]
     intx CICompilerCount                          = 4                                         {product} {ergonomic}
     uint ConcGCThreads                            = 2                                         {product} {ergonomic}
     uint G1ConcRefinementThreads                  = 8                                         {product} {ergonomic}
   size_t G1HeapRegionSize                         = 1048576                                   {product} {ergonomic}
    uintx GCDrainStackTargetSize                   = 64                                        {product} {ergonomic}
   size_t InitialHeapSize                          = 8388608                                   {product} {command line}
   size_t MarkStackSize                            = 4194304                                   {product} {ergonomic}
   size_t MaxHeapSize                              = 1073741824                                {product} {command line}
   size_t MaxNewSize                               = 643825664                                 {product} {ergonomic}
   size_t MinHeapDeltaBytes                        = 1048576                                   {product} {ergonomic}
   size_t MinHeapSize                              = 8388608                                   {product} {command line}
    uintx NonNMethodCodeHeapSize                   = 5839372                                {pd product} {ergonomic}
    uintx NonProfiledCodeHeapSize                  = 122909434                              {pd product} {ergonomic}
    uintx ProfiledCodeHeapSize                     = 122909434                              {pd product} {ergonomic}
    uintx ReservedCodeCacheSize                    = 251658240                              {pd product} {ergonomic}
     bool SegmentedCodeCache                       = true                                      {product} {ergonomic}
   size_t SoftMaxHeapSize                          = 1073741824                             {manageable} {ergonomic}
     bool UseCompressedClassPointers               = true                                 {lp64_product} {ergonomic}
     bool UseCompressedOops                        = true                                 {lp64_product} {ergonomic}
     bool UseG1GC                                  = true                                      {product} {ergonomic}
     bool UseLargePagesIndividualAllocation        = false                                  {pd product} {ergonomic}

Logging:
Log output configuration:
 #0: stdout all=warning uptime,level,tags
 #1: stderr all=off uptime,level,tags

Environment Variables:
_JAVA_OPTIONS=-Xmx1024M
PATH=C:\app\pedro\product\18.0.0\dbhomeXE\bin;C:\Program Files\Common Files\Oracle\Java\javapath;C:\Program Files (x86)\Common Files\Oracle\Java\javapath;C:\Program Files (x86)\Intel\iCLS Client\;C:\Program Files\Intel\iCLS Client\;C:\Windows\system32;C:\Windows;C:\Windows\System32\Wbem;C:\Windows\System32\WindowsPowerShell\v1.0\;C:\Program Files (x86)\Intel\Intel(R) Management Engine Components\DAL;C:\Program Files\Intel\Intel(R) Management Engine Components\DAL;C:\Program Files (x86)\Intel\Intel(R) Management Engine Components\IPT;C:\Program Files\Intel\Intel(R) Management Engine Components\IPT;C:\Program Files (x86)\NVIDIA Corporation\PhysX\Common;C:\WINDOWS\system32;C:\WINDOWS;C:\WINDOWS\System32\Wbem;C:\WINDOWS\System32\WindowsPowerShell\v1.0\;C:\WINDOWS\System32\OpenSSH\;C:\Program Files (x86)\Microsoft SQL Server\150\DTS\Binn\;C:\Program Files\Git\cmd;C:\Program Files\dotnet\;C:\Program Files\Microsoft SQL Server\130\Tools\Binn\;C:\Program Files\NVIDIA Corporation\NVIDIA NvDLISR;C:\Program Files\MySQL\MySQL Shell 8.0\bin\;C:\Users\pedro\AppData\Local\Microsoft\WindowsApps;C:\Users\pedro\AppData\Local\GitHubDesktop\bin;%USERPROFILE%\AppData\Local\Microsoft\WindowsApps;
USERNAME=pedro
OS=Windows_NT
PROCESSOR_IDENTIFIER=Intel64 Family 6 Model 142 Stepping 10, GenuineIntel



---------------  S Y S T E M  ---------------

OS:
 Windows 10 , 64 bit Build 19041 (10.0.19041.1023)
OS uptime: 0 days 10:32 hours

CPU: total 8 (initial active 8) (4 cores per cpu, 2 threads per core) family 6 model 142 stepping 10, cmov, cx8, fxsr, mmx, sse, sse2, sse3, ssse3, sse4.1, sse4.2, popcnt, vzeroupper, avx, avx2, aes, clmul, erms, 3dnowpref, lzcnt, ht, tsc, tscinvbit, bmi1, bmi2, adx, fma, clflush, clflushopt

Memory: 4k page, system-wide physical 8067M (1850M free)
TotalPageFile size 8067M (AvailPageFile size 20M)
current process WorkingSet (physical memory assigned to process): 141M, peak: 143M
current process commit charge ("private bytes"): 176M, peak: 208M

vm_info: Java HotSpot(TM) 64-Bit Server VM (15+36-1562) for windows-amd64 JRE (15+36-1562), built on Aug 11 2020 22:38:02 by "mach5one" with unknown MS VC++:1925

END.
